Using pre-set license
Built from '2020.3/staging' branch; Version is '2020.3.11f1 (99c7afb366b3) revision 10078127'; Using compiler version '192528614'; Build Type 'Release'
OS: 'Windows 10 Pro; OS build 19042.1110; Version 2009; 64bit' Language: 'en' Physical Memory: 16332 MB
BatchMode: 1, IsHumanControllingUs: 0, StartBugReporterOnCrash: 0, Is64bit: 1, IsPro: 0

 COMMAND LINE ARGUMENTS:
G:\unity\2020.3.11f1\Editor\Unity.exe
-adb2
-batchMode
-noUpm
-name
AssetImportWorker0
-projectPath
C:/Users/Nicc/Documents/GitHub/DewberryVRProjects
-logFile
Logs/AssetImportWorker0.log
-srvPort
60934
Successfully changed project path to: C:/Users/Nicc/Documents/GitHub/DewberryVRProjects
C:/Users/Nicc/Documents/GitHub/DewberryVRProjects
Using Asset Import Pipeline V2.
Refreshing native plugins compatible for Editor in 126.65 ms, found 19 plugins.
Preloading 1 native plugins for Editor in 1.31 ms.
Initialize engine version: 2020.3.11f1 (99c7afb366b3)
[Subsystems] Discovering subsystems at path G:/unity/2020.3.11f1/Editor/Data/Resources/UnitySubsystems
[Subsystems] Discovering subsystems at path C:/Users/Nicc/Documents/GitHub/DewberryVRProjects/Assets
[Subsystems] No descriptors matched for  examples in Assets/MeshingFeaturePlugin/UnitySubsystemsManifest.json.
[Subsystems] No descriptors matched for  inputs in Assets/MeshingFeaturePlugin/UnitySubsystemsManifest.json.
[Subsystems] No descriptors matched for  displays in Assets/MeshingFeaturePlugin/UnitySubsystemsManifest.json.
[Subsystems] 1 'meshings' descriptors matched in Assets/MeshingFeaturePlugin/UnitySubsystemsManifest.json
GfxDevice: creating device client; threaded=0
Direct3D:
    Version:  Direct3D 11.0 [level 11.1]
    Renderer: NVIDIA GeForce GTX 1050 Ti (ID=0x1c82)
    Vendor:   
    VRAM:     4018 MB
    Driver:   27.21.14.6611
Initialize mono
Mono path[0] = 'G:/unity/2020.3.11f1/Editor/Data/Managed'
Mono path[1] = 'G:/unity/2020.3.11f1/Editor/Data/MonoBleedingEdge/lib/mono/unityjit'
Mono config path = 'G:/unity/2020.3.11f1/Editor/Data/MonoBleedingEdge/etc'
Using monoOptions --debugger-agent=transport=dt_socket,embedding=1,server=y,suspend=n,address=127.0.0.1:56820
Begin MonoManager ReloadAssembly
Registering precompiled unity dll's ...
Register platform support module: G:/unity/2020.3.11f1/Editor/Data/PlaybackEngines/WindowsStandaloneSupport/UnityEditor.WindowsStandalone.Extensions.dll
Registered in 0.001662 seconds.
Native extension for WindowsStandalone target not found
Refreshing native plugins compatible for Editor in 85.52 ms, found 19 plugins.
Preloading 1 native plugins for Editor in 0.12 ms.
Mono: successfully reloaded assembly
- Completed reload, in  1.557 seconds
Platform modules already initialized, skipping
Registering precompiled user dll's ...
Registered in 0.019841 seconds.
Begin MonoManager ReloadAssembly
Native extension for WindowsStandalone target not found
Refreshing native plugins compatible for Editor in 101.67 ms, found 19 plugins.
Preloading 1 native plugins for Editor in 0.13 ms.
[XR] OculusXRPlugin: registering subsystems
[XR] Unable to register display lifecyle provider: [1]
[XR] Oculus Input lifecycle provider registered.
[XR] Unable to register input lifecyle provider: [1]
NullReferenceException: Object reference not set to an instance of an object
  at Unity.XR.Oculus.OculusLoader.AssetPathToAbsolutePath (System.String assetPath) [0x00048] in C:\Users\Nicc\Documents\GitHub\DewberryVRProjects\Library\PackageCache\com.unity.xr.oculus@1.9.1\Runtime\OculusLoader.cs:249 
  at Unity.XR.Oculus.OculusLoader.EditorLoadOVRPlugin () [0x0007b] in C:\Users\Nicc\Documents\GitHub\DewberryVRProjects\Library\PackageCache\com.unity.xr.oculus@1.9.1\Runtime\OculusLoader.cs:234 

(Filename: Library/PackageCache/com.unity.xr.oculus@1.9.1/Runtime/OculusLoader.cs Line: 249)

Mono: successfully reloaded assembly
- Completed reload, in  1.705 seconds
Platform modules already initialized, skipping
========================================================================
Worker process is ready to serve import requests
Launched and connected shader compiler UnityShaderCompiler.exe after 0.09 seconds
Refreshing native plugins compatible for Editor in 1.52 ms, found 19 plugins.
Preloading 1 native plugins for Editor in 0.12 ms.
Unloading 2809 Unused Serialized files (Serialized files now loaded: 0)
System memory in use before: 121.5 MB.
System memory in use after: 121.5 MB.

Unloading 88 unused Assets to reduce memory usage. Loaded Objects now: 3259.
Total: 3.221600 ms (FindLiveObjects: 0.336800 ms CreateObjectMapping: 0.083300 ms MarkObjects: 2.681600 ms  DeleteObjects: 0.118800 ms)

========================================================================
Received Import Request.
  path: Assets/XR/XRGeneralSettings.asset
  artifactKey: Guid(dab6a2d8765826f4eb8cbf1c36fbc149) Importer(815301076,1909f56bfc062723c751e8b465ee728b)
Start importing Assets/XR/XRGeneralSettings.asset using Guid(dab6a2d8765826f4eb8cbf1c36fbc149) Importer(815301076,1909f56bfc062723c751e8b465ee728b) [XR] Error loading subsystem: Display (1) (header mismatch?)
 -> (artifact id: '6a1057432ec1ba21fffb0c10f0490657') in 0.057806 seconds
  Import took 0.063219 seconds .

========================================================================
Received Import Request.
  Time since last request: 99.465605 seconds.
  path: Packages/com.siccity.gltfutility
  artifactKey: Guid(d22f344f638ff0edd45188c8504d31cb) Importer(815301076,1909f56bfc062723c751e8b465ee728b)
Start importing Packages/com.siccity.gltfutility using Guid(d22f344f638ff0edd45188c8504d31cb) Importer(815301076,1909f56bfc062723c751e8b465ee728b)  -> (artifact id: 'afda2d1be085dd81f788ca601260b48f') in 0.007978 seconds
  Import took 0.013325 seconds .

========================================================================
Received Import Request.
  Time since last request: 0.253358 seconds.
  path: Packages/com.siccity.gltfutility/package.json
  artifactKey: Guid(3e1e5597138079f40bc737a8a2556654) Importer(815301076,1909f56bfc062723c751e8b465ee728b)
Start importing Packages/com.siccity.gltfutility/package.json using Guid(3e1e5597138079f40bc737a8a2556654) Importer(815301076,1909f56bfc062723c751e8b465ee728b)  -> (artifact id: 'c84b3ae52b4bf666324bb39221c6194d') in 0.013807 seconds
  Import took 0.020904 seconds .

========================================================================
Received Prepare
Registering precompiled user dll's ...
Registered in 0.021256 seconds.
Begin MonoManager ReloadAssembly
Native extension for WindowsStandalone target not found
Refreshing native plugins compatible for Editor in 1.61 ms, found 19 plugins.
Preloading 1 native plugins for Editor in 0.15 ms.
NullReferenceException: Object reference not set to an instance of an object
  at Unity.XR.Oculus.OculusLoader.AssetPathToAbsolutePath (System.String assetPath) [0x00048] in C:\Users\Nicc\Documents\GitHub\DewberryVRProjects\Library\PackageCache\com.unity.xr.oculus@1.9.1\Runtime\OculusLoader.cs:249 
  at Unity.XR.Oculus.OculusLoader.EditorLoadOVRPlugin () [0x0007b] in C:\Users\Nicc\Documents\GitHub\DewberryVRProjects\Library\PackageCache\com.unity.xr.oculus@1.9.1\Runtime\OculusLoader.cs:234 

(Filename: Library/PackageCache/com.unity.xr.oculus@1.9.1/Runtime/OculusLoader.cs Line: 249)

Mono: successfully reloaded assembly
- Completed reload, in  1.540 seconds
Platform modules already initialized, skipping
Refreshing native plugins compatible for Editor in 1.95 ms, found 19 plugins.
Preloading 1 native plugins for Editor in 0.14 ms.
Unloading 2732 Unused Serialized files (Serialized files now loaded: 0)
System memory in use before: 116.5 MB.
System memory in use after: 116.8 MB.

Unloading 77 unused Assets to reduce memory usage. Loaded Objects now: 3263.
Total: 3.250100 ms (FindLiveObjects: 0.377700 ms CreateObjectMapping: 0.086100 ms MarkObjects: 2.730400 ms  DeleteObjects: 0.053400 ms)

AssetImportWorkerClient::OnTransportError - code=2 error=End of file
